<?xml version="1.0" encoding="UTF-8"?>
<!-- Generated by org.testng.reporters.JUnitReportReporter -->
<testsuite hostname="LAPTOP-T5FP080U" failures="0" tests="2" name="com.testpackage.TestDemo2" time="12.850" errors="0" timestamp="27 Jan 2019 19:43:33 GMT" skipped="0">
  <testcase classname="com.testpackage.TestDemo2" name="myntra" time="7.719"/>
  <testcase classname="com.testpackage.TestDemo2" name="clickOnMen" time="5.131"/>
</testsuite> <!-- com.testpackage.TestDemo2 -->
