<?xml version="1.0" encoding="UTF-8"?>
<!-- Generated by org.testng.reporters.JUnitReportReporter -->
<testsuite hostname="LAPTOP-T5FP080U" failures="0" tests="1" name="com.testpackage.TestDemo1" time="30.035" errors="0" timestamp="27 Jan 2019 17:29:26 GMT" skipped="0">
  <testcase classname="com.testpackage.TestDemo1" name="demoSites" time="30.035"/>
</testsuite> <!-- com.testpackage.TestDemo1 -->
