<?xml version="1.0" encoding="UTF-8"?>
<!-- Generated by org.testng.reporters.JUnitReportReporter -->
<testsuite hostname="LAPTOP-T5FP080U" failures="0" tests="1" name="testpackage.Demo2" time="2.290" errors="0" timestamp="27 Jan 2019 07:49:09 GMT" skipped="0">
  <testcase classname="testpackage.Demo2" name="myntra" time="2.290"/>
</testsuite> <!-- testpackage.Demo2 -->
