<?xml version="1.0" encoding="UTF-8"?>
<!-- Generated by org.testng.reporters.JUnitReportReporter -->
<testsuite skipped="0" hostname="LAPTOP-T5FP080U" name="com.testpackage.LoginpageMyntraTest" tests="2" failures="0" timestamp="13 Feb 2019 13:58:20 GMT" time="12.926" errors="0">
  <testcase name="title" time="0.014" classname="com.testpackage.LoginpageMyntraTest"/>
  <testcase name="loginmyntra" time="12.912" classname="com.testpackage.LoginpageMyntraTest"/>
</testsuite> <!-- com.testpackage.LoginpageMyntraTest -->
