<?xml version="1.0" encoding="UTF-8"?>
<!-- Generated by org.testng.reporters.JUnitReportReporter -->
<testsuite skipped="0" hostname="LAPTOP-T5FP080U" name="com.testpackage.LoginpageMyntraTest" tests="2" failures="0" timestamp="02 Mar 2019 08:24:27 GMT" time="15.027" errors="0">
  <testcase name="title" time="0.010" classname="com.testpackage.LoginpageMyntraTest"/>
  <testcase name="loginmyntra" time="15.017" classname="com.testpackage.LoginpageMyntraTest"/>
</testsuite> <!-- com.testpackage.LoginpageMyntraTest -->
